# JRE version: OpenJDK Runtime Environment (11.0.6+10) (build 11.0.6+10-post-Ubuntu-1ubuntu118.04.1)
# Java VM: OpenJDK 64-Bit Server VM (11.0.6+10-post-Ubuntu-1ubuntu118.04.1, mixed mode, sharing, tiered, compressed oops, serial gc, linux-amd64)
Heap:
 def new generation   total 2432K, used 1316K [0x00000000f8000000, 0x00000000f82a0000, 0x00000000faaa0000)
  eden space 2176K,  59% used [0x00000000f8000000, 0x00000000f8146188, 0x00000000f8220000)
  from space 256K,   4% used [0x00000000f8260000, 0x00000000f8262f08, 0x00000000f82a0000)
  to   space 256K,   0% used [0x00000000f8220000, 0x00000000f8220000, 0x00000000f8260000)
 tenured generation   total 5504K, used 3207K [0x00000000faaa0000, 0x00000000fb000000, 0x0000000100000000)
   the space 5504K,  58% used [0x00000000faaa0000, 0x00000000fadc1d30, 0x00000000fadc1e00, 0x00000000fb000000)
 Metaspace       used 9954K, capacity 10530K, committed 10880K, reserved 1058816K
  class space    used 1050K, capacity 1310K, committed 1408K, reserved 1048576K
GC Heap History (14 events):
Event: 1.815 GC heap before
{Heap before GC invocations=0 (full 0):
 def new generation   total 2432K, used 2172K [0x00000000f8000000, 0x00000000f82a0000, 0x00000000faaa0000)
  eden space 2176K,  99% used [0x00000000f8000000, 0x00000000f821f180, 0x00000000f8220000)
  from space 256K,   0% used [0x00000000f8220000, 0x00000000f8220000, 0x00000000f8260000)
  to   space 256K,   0% used [0x00000000f8260000, 0x00000000f8260000, 0x00000000f82a0000)
 tenured generation   total 5504K, used 0K [0x00000000faaa0000, 0x00000000fb000000, 0x0000000100000000)
   the space 5504K,   0% used [0x00000000faaa0000, 0x00000000faaa0000, 0x00000000faaa0200, 0x00000000fb000000)
 Metaspace       used 1349K, capacity 4678K, committed 4864K, reserved 1056768K
  class space    used 137K, capacity 472K, committed 512K, reserved 1048576K
}
Event: 1.821 GC heap after
{Heap after GC invocations=1 (full 0):
 def new generation   total 2432K, used 256K [0x00000000f8000000, 0x00000000f82a0000, 0x00000000faaa0000)
  eden space 2176K,   0% used [0x00000000f8000000, 0x00000000f8000000, 0x00000000f8220000)
  from space 256K, 100% used [0x00000000f8260000, 0x00000000f82a0000, 0x00000000f82a0000)
  to   space 256K,   0% used [0x00000000f8220000, 0x00000000f8220000, 0x00000000f8260000)
 tenured generation   total 5504K, used 673K [0x00000000faaa0000, 0x00000000fb000000, 0x0000000100000000)
   the space 5504K,  12% used [0x00000000faaa0000, 0x00000000fab48440, 0x00000000fab48600, 0x00000000fb000000)
 Metaspace       used 1349K, capacity 4678K, committed 4864K, reserved 1056768K
  class space    used 137K, capacity 472K, committed 512K, reserved 1048576K
}
Event: 8.703 GC heap before
{Heap before GC invocations=1 (full 0):
 def new generation   total 2432K, used 2432K [0x00000000f8000000, 0x00000000f82a0000, 0x00000000faaa0000)
  eden space 2176K, 100% used [0x00000000f8000000, 0x00000000f8220000, 0x00000000f8220000)
  from space 256K, 100% used [0x00000000f8260000, 0x00000000f82a0000, 0x00000000f82a0000)
  to   space 256K,   0% used [0x00000000f8220000, 0x00000000f8220000, 0x00000000f8260000)
 tenured generation   total 5504K, used 673K [0x00000000faaa0000, 0x00000000fb000000, 0x0000000100000000)
   the space 5504K,  12% used [0x00000000faaa0000, 0x00000000fab48440, 0x00000000fab48600, 0x00000000fb000000)
 Metaspace       used 4031K, capacity 4907K, committed 4992K, reserved 1056768K
  class space    used 409K, capacity 556K, committed 640K, reserved 1048576K
}
Event: 8.714 GC heap after
{Heap after GC invocations=2 (full 0):
 def new generation   total 2432K, used 256K [0x00000000f8000000, 0x00000000f82a0000, 0x00000000faaa0000)
  eden space 2176K,   0% used [0x00000000f8000000, 0x00000000f8000000, 0x00000000f8220000)
  from space 256K, 100% used [0x00000000f8220000, 0x00000000f8260000, 0x00000000f8260000)
  to   space 256K,   0% used [0x00000000f8260000, 0x00000000f8260000, 0x00000000f82a0000)
 tenured generation   total 5504K, used 1153K [0x00000000faaa0000, 0x00000000fb000000, 0x0000000100000000)
   the space 5504K,  20% used [0x00000000faaa0000, 0x00000000fabc0438, 0x00000000fabc0600, 0x00000000fb000000)
 Metaspace       used 4031K, capacity 4907K, committed 4992K, reserved 1056768K
  class space    used 409K, capacity 556K, committed 640K, reserved 1048576K
}
Event: 9.599 GC heap before
{Heap before GC invocations=2 (full 0):
 def new generation   total 2432K, used 2432K [0x00000000f8000000, 0x00000000f82a0000, 0x00000000faaa0000)
  eden space 2176K, 100% used [0x00000000f8000000, 0x00000000f8220000, 0x00000000f8220000)
  from space 256K, 100% used [0x00000000f8220000, 0x00000000f8260000, 0x00000000f8260000)
  to   space 256K,   0% used [0x00000000f8260000, 0x00000000f8260000, 0x00000000f82a0000)
 tenured generation   total 5504K, used 1153K [0x00000000faaa0000, 0x00000000fb000000, 0x0000000100000000)
   the space 5504K,  20% used [0x00000000faaa0000, 0x00000000fabc0438, 0x00000000fabc0600, 0x00000000fb000000)
 Metaspace       used 5243K, capacity 5609K, committed 5888K, reserved 1056768K
  class space    used 589K, capacity 756K, committed 768K, reserved 1048576K
}
Event: 9.634 GC heap after
{Heap after GC invocations=3 (full 0):
 def new generation   total 2432K, used 256K [0x00000000f8000000, 0x00000000f82a0000, 0x00000000faaa0000)
  eden space 2176K,   0% used [0x00000000f8000000, 0x00000000f8000000, 0x00000000f8220000)
  from space 256K, 100% used [0x00000000f8260000, 0x00000000f82a0000, 0x00000000f82a0000)
  to   space 256K,   0% used [0x00000000f8220000, 0x00000000f8220000, 0x00000000f8260000)
 tenured generation   total 5504K, used 1544K [0x00000000faaa0000, 0x00000000fb000000, 0x0000000100000000)
   the space 5504K,  28% used [0x00000000faaa0000, 0x00000000fac221e8, 0x00000000fac22200, 0x00000000fb000000)
 Metaspace       used 5243K, capacity 5609K, committed 5888K, reserved 1056768K
  class space    used 589K, capacity 756K, committed 768K, reserved 1048576K
}
Event: 12.016 GC heap before
{Heap before GC invocations=3 (full 0):
 def new generation   total 2432K, used 2432K [0x00000000f8000000, 0x00000000f82a0000, 0x00000000faaa0000)
  eden space 2176K, 100% used [0x00000000f8000000, 0x00000000f8220000, 0x00000000f8220000)
  from space 256K, 100% used [0x00000000f8260000, 0x00000000f82a0000, 0x00000000f82a0000)
  to   space 256K,   0% used [0x00000000f8220000, 0x00000000f8220000, 0x00000000f8260000)
 tenured generation   total 5504K, used 1544K [0x00000000faaa0000, 0x00000000fb000000, 0x0000000100000000)
   the space 5504K,  28% used [0x00000000faaa0000, 0x00000000fac221e8, 0x00000000fac22200, 0x00000000fb000000)
 Metaspace       used 7740K, capacity 8191K, committed 8320K, reserved 1056768K
  class space    used 848K, capacity 1063K, committed 1152K, reserved 1048576K
}
Event: 12.119 GC heap after
{Heap after GC invocations=4 (full 0):
 def new generation   total 2432K, used 255K [0x00000000f8000000, 0x00000000f82a0000, 0x00000000faaa0000)
  eden space 2176K,   0% used [0x00000000f8000000, 0x00000000f8000000, 0x00000000f8220000)
  from space 256K,  99% used [0x00000000f8220000, 0x00000000f825fff8, 0x00000000f8260000)
  to   space 256K,   0% used [0x00000000f8260000, 0x00000000f8260000, 0x00000000f82a0000)
 tenured generation   total 5504K, used 2090K [0x00000000faaa0000, 0x00000000fb000000, 0x0000000100000000)
   the space 5504K,  37% used [0x00000000faaa0000, 0x00000000facaa8d8, 0x00000000facaaa00, 0x00000000fb000000)
 Metaspace       used 7740K, capacity 8191K, committed 8320K, reserved 1056768K
  class space    used 848K, capacity 1063K, committed 1152K, reserved 1048576K
}
Event: 12.907 GC heap before
{Heap before GC invocations=4 (full 0):
 def new generation   total 2432K, used 2431K [0x00000000f8000000, 0x00000000f82a0000, 0x00000000faaa0000)
  eden space 2176K, 100% used [0x00000000f8000000, 0x00000000f8220000, 0x00000000f8220000)
  from space 256K,  99% used [0x00000000f8220000, 0x00000000f825fff8, 0x00000000f8260000)
  to   space 256K,   0% used [0x00000000f8260000, 0x00000000f8260000, 0x00000000f82a0000)
 tenured generation   total 5504K, used 2090K [0x00000000faaa0000, 0x00000000fb000000, 0x0000000100000000)
   the space 5504K,  37% used [0x00000000faaa0000, 0x00000000facaa8d8, 0x00000000facaaa00, 0x00000000fb000000)
 Metaspace       used 7997K, capacity 8501K, committed 8576K, reserved 1056768K
  class space    used 897K, capacity 1147K, committed 1152K, reserved 1048576K
}
Event: 12.910 GC heap after
{Heap after GC invocations=5 (full 0):
 def new generation   total 2432K, used 175K [0x00000000f8000000, 0x00000000f82a0000, 0x00000000faaa0000)
  eden space 2176K,   0% used [0x00000000f8000000, 0x00000000f8000000, 0x00000000f8220000)
  from space 256K,  68% used [0x00000000f8260000, 0x00000000f828be28, 0x00000000f82a0000)
  to   space 256K,   0% used [0x00000000f8220000, 0x00000000f8220000, 0x00000000f8260000)
 tenured generation   total 5504K, used 2341K [0x00000000faaa0000, 0x00000000fb000000, 0x0000000100000000)
   the space 5504K,  42% used [0x00000000faaa0000, 0x00000000face9588, 0x00000000face9600, 0x00000000fb000000)
 Metaspace       used 7997K, capacity 8501K, committed 8576K, reserved 1056768K
  class space    used 897K, capacity 1147K, committed 1152K, reserved 1048576K
}
Event: 17.672 GC heap before
{Heap before GC invocations=5 (full 0):
 def new generation   total 2432K, used 2351K [0x00000000f8000000, 0x00000000f82a0000, 0x00000000faaa0000)
  eden space 2176K,  99% used [0x00000000f8000000, 0x00000000f821fff8, 0x00000000f8220000)
  from space 256K,  68% used [0x00000000f8260000, 0x00000000f828be28, 0x00000000f82a0000)
  to   space 256K,   0% used [0x00000000f8220000, 0x00000000f8220000, 0x00000000f8260000)
 tenured generation   total 5504K, used 2341K [0x00000000faaa0000, 0x00000000fb000000, 0x0000000100000000)
   the space 5504K,  42% used [0x00000000faaa0000, 0x00000000face9588, 0x00000000face9600, 0x00000000fb000000)
 Metaspace       used 9290K, capacity 9890K, committed 10112K, reserved 1058816K
  class space    used 1044K, capacity 1310K, committed 1408K, reserved 1048576K
}
Event: 17.676 GC heap after
{Heap after GC invocations=6 (full 0):
 def new generation   total 2432K, used 255K [0x00000000f8000000, 0x00000000f82a0000, 0x00000000faaa0000)
  eden space 2176K,   0% used [0x00000000f8000000, 0x00000000f8000000, 0x00000000f8220000)
  from space 256K,  99% used [0x00000000f8220000, 0x00000000f825fff8, 0x00000000f8260000)
  to   space 256K,   0% used [0x00000000f8260000, 0x00000000f8260000, 0x00000000f82a0000)
 tenured generation   total 5504K, used 2951K [0x00000000faaa0000, 0x00000000fb000000, 0x0000000100000000)
   the space 5504K,  53% used [0x00000000faaa0000, 0x00000000fad81fb0, 0x00000000fad82000, 0x00000000fb000000)
 Metaspace       used 9290K, capacity 9890K, committed 10112K, reserved 1058816K
  class space    used 1044K, capacity 1310K, committed 1408K, reserved 1048576K
}
Event: 52.645 GC heap before
{Heap before GC invocations=6 (full 0):
 def new generation   total 2432K, used 2431K [0x00000000f8000000, 0x00000000f82a0000, 0x00000000faaa0000)
  eden space 2176K, 100% used [0x00000000f8000000, 0x00000000f8220000, 0x00000000f8220000)
  from space 256K,  99% used [0x00000000f8220000, 0x00000000f825fff8, 0x00000000f8260000)
  to   space 256K,   0% used [0x00000000f8260000, 0x00000000f8260000, 0x00000000f82a0000)
 tenured generation   total 5504K, used 2951K [0x00000000faaa0000, 0x00000000fb000000, 0x0000000100000000)
   the space 5504K,  53% used [0x00000000faaa0000, 0x00000000fad81fb0, 0x00000000fad82000, 0x00000000fb000000)
 Metaspace       used 9893K, capacity 10466K, committed 10880K, reserved 1058816K
  class space    used 1050K, capacity 1310K, committed 1408K, reserved 1048576K
}
Event: 52.655 GC heap after
{Heap after GC invocations=7 (full 0):
 def new generation   total 2432K, used 11K [0x00000000f8000000, 0x00000000f82a0000, 0x00000000faaa0000)
  eden space 2176K,   0% used [0x00000000f8000000, 0x00000000f8000000, 0x00000000f8220000)
  from space 256K,   4% used [0x00000000f8260000, 0x00000000f8262f08, 0x00000000f82a0000)
  to   space 256K,   0% used [0x00000000f8220000, 0x00000000f8220000, 0x00000000f8260000)
 tenured generation   total 5504K, used 3207K [0x00000000faaa0000, 0x00000000fb000000, 0x0000000100000000)
   the space 5504K,  58% used [0x00000000faaa0000, 0x00000000fadc1d30, 0x00000000fadc1e00, 0x00000000fb000000)
 Metaspace       used 9893K, capacity 10466K, committed 10880K, reserved 1058816K
  class space    used 1050K, capacity 1310K, committed 1408K, reserved 1048576K
}

