# JRE version: OpenJDK Runtime Environment (11.0.7+10) (build 11.0.7+10-post-Ubuntu-2ubuntu218.04)
# Java VM: OpenJDK 64-Bit Server VM (11.0.7+10-post-Ubuntu-2ubuntu218.04, mixed mode, sharing, tiered, compressed oops, serial gc, linux-amd64)
Heap:
 def new generation   total 2432K, used 1662K [0x00000000f8000000, 0x00000000f82a0000, 0x00000000faaa0000)
  eden space 2176K,  74% used [0x00000000f8000000, 0x00000000f8195b68, 0x00000000f8220000)
  from space 256K,  15% used [0x00000000f8220000, 0x00000000f8229ec8, 0x00000000f8260000)
  to   space 256K,   0% used [0x00000000f8260000, 0x00000000f8260000, 0x00000000f82a0000)
 tenured generation   total 5504K, used 3190K [0x00000000faaa0000, 0x00000000fb000000, 0x0000000100000000)
   the space 5504K,  57% used [0x00000000faaa0000, 0x00000000fadbd818, 0x00000000fadbda00, 0x00000000fb000000)
 Metaspace       used 10151K, capacity 10658K, committed 10880K, reserved 1058816K
  class space    used 1051K, capacity 1310K, committed 1408K, reserved 1048576K
GC Heap History (20 events):
Event: 17.208 GC heap before
{Heap before GC invocations=4 (full 0):
 def new generation   total 2432K, used 2431K [0x00000000f8000000, 0x00000000f82a0000, 0x00000000faaa0000)
  eden space 2176K, 100% used [0x00000000f8000000, 0x00000000f8220000, 0x00000000f8220000)
  from space 256K,  99% used [0x00000000f8220000, 0x00000000f825fff8, 0x00000000f8260000)
  to   space 256K,   0% used [0x00000000f8260000, 0x00000000f8260000, 0x00000000f82a0000)
 tenured generation   total 5504K, used 2070K [0x00000000faaa0000, 0x00000000fb000000, 0x0000000100000000)
   the space 5504K,  37% used [0x00000000faaa0000, 0x00000000faca5978, 0x00000000faca5a00, 0x00000000fb000000)
 Metaspace       used 8011K, capacity 8561K, committed 8832K, reserved 1056768K
  class space    used 896K, capacity 1146K, committed 1152K, reserved 1048576K
}
Event: 17.211 GC heap after
{Heap after GC invocations=5 (full 0):
 def new generation   total 2432K, used 164K [0x00000000f8000000, 0x00000000f82a0000, 0x00000000faaa0000)
  eden space 2176K,   0% used [0x00000000f8000000, 0x00000000f8000000, 0x00000000f8220000)
  from space 256K,  64% used [0x00000000f8260000, 0x00000000f8289268, 0x00000000f82a0000)
  to   space 256K,   0% used [0x00000000f8220000, 0x00000000f8220000, 0x00000000f8260000)
 tenured generation   total 5504K, used 2316K [0x00000000faaa0000, 0x00000000fb000000, 0x0000000100000000)
   the space 5504K,  42% used [0x00000000faaa0000, 0x00000000face32d8, 0x00000000face3400, 0x00000000fb000000)
 Metaspace       used 8011K, capacity 8561K, committed 8832K, reserved 1056768K
  class space    used 896K, capacity 1146K, committed 1152K, reserved 1048576K
}
Event: 18.329 GC heap before
{Heap before GC invocations=5 (full 0):
 def new generation   total 2432K, used 2340K [0x00000000f8000000, 0x00000000f82a0000, 0x00000000faaa0000)
  eden space 2176K,  99% used [0x00000000f8000000, 0x00000000f821ffe8, 0x00000000f8220000)
  from space 256K,  64% used [0x00000000f8260000, 0x00000000f8289268, 0x00000000f82a0000)
  to   space 256K,   0% used [0x00000000f8220000, 0x00000000f8220000, 0x00000000f8260000)
 tenured generation   total 5504K, used 2316K [0x00000000faaa0000, 0x00000000fb000000, 0x0000000100000000)
   the space 5504K,  42% used [0x00000000faaa0000, 0x00000000face32d8, 0x00000000face3400, 0x00000000fb000000)
 Metaspace       used 9193K, capacity 9762K, committed 10112K, reserved 1058816K
  class space    used 1032K, capacity 1310K, committed 1408K, reserved 1048576K
}
Event: 18.334 GC heap after
{Heap after GC invocations=6 (full 0):
 def new generation   total 2432K, used 255K [0x00000000f8000000, 0x00000000f82a0000, 0x00000000faaa0000)
  eden space 2176K,   0% used [0x00000000f8000000, 0x00000000f8000000, 0x00000000f8220000)
  from space 256K,  99% used [0x00000000f8220000, 0x00000000f825fff8, 0x00000000f8260000)
  to   space 256K,   0% used [0x00000000f8260000, 0x00000000f8260000, 0x00000000f82a0000)
 tenured generation   total 5504K, used 2940K [0x00000000faaa0000, 0x00000000fb000000, 0x0000000100000000)
   the space 5504K,  53% used [0x00000000faaa0000, 0x00000000fad7f1e0, 0x00000000fad7f200, 0x00000000fb000000)
 Metaspace       used 9193K, capacity 9762K, committed 10112K, reserved 1058816K
  class space    used 1032K, capacity 1310K, committed 1408K, reserved 1048576K
}
Event: 26.635 GC heap before
{Heap before GC invocations=6 (full 0):
 def new generation   total 2432K, used 2431K [0x00000000f8000000, 0x00000000f82a0000, 0x00000000faaa0000)
  eden space 2176K, 100% used [0x00000000f8000000, 0x00000000f8220000, 0x00000000f8220000)
  from space 256K,  99% used [0x00000000f8220000, 0x00000000f825fff8, 0x00000000f8260000)
  to   space 256K,   0% used [0x00000000f8260000, 0x00000000f8260000, 0x00000000f82a0000)
 tenured generation   total 5504K, used 2940K [0x00000000faaa0000, 0x00000000fb000000, 0x0000000100000000)
   the space 5504K,  53% used [0x00000000faaa0000, 0x00000000fad7f1e0, 0x00000000fad7f200, 0x00000000fb000000)
 Metaspace       used 9869K, capacity 10402K, committed 10624K, reserved 1058816K
  class space    used 1050K, capacity 1310K, committed 1408K, reserved 1048576K
}
Event: 26.640 GC heap after
{Heap after GC invocations=7 (full 0):
 def new generation   total 2432K, used 22K [0x00000000f8000000, 0x00000000f82a0000, 0x00000000faaa0000)
  eden space 2176K,   0% used [0x00000000f8000000, 0x00000000f8000000, 0x00000000f8220000)
  from space 256K,   8% used [0x00000000f8260000, 0x00000000f82659a0, 0x00000000f82a0000)
  to   space 256K,   0% used [0x00000000f8220000, 0x00000000f8220000, 0x00000000f8260000)
 tenured generation   total 5504K, used 3190K [0x00000000faaa0000, 0x00000000fb000000, 0x0000000100000000)
   the space 5504K,  57% used [0x00000000faaa0000, 0x00000000fadbd818, 0x00000000fadbda00, 0x00000000fb000000)
 Metaspace       used 9869K, capacity 10402K, committed 10624K, reserved 1058816K
  class space    used 1050K, capacity 1310K, committed 1408K, reserved 1048576K
}
Event: 33.066 GC heap before
{Heap before GC invocations=7 (full 0):
 def new generation   total 2432K, used 2198K [0x00000000f8000000, 0x00000000f82a0000, 0x00000000faaa0000)
  eden space 2176K, 100% used [0x00000000f8000000, 0x00000000f8220000, 0x00000000f8220000)
  from space 256K,   8% used [0x00000000f8260000, 0x00000000f82659a0, 0x00000000f82a0000)
  to   space 256K,   0% used [0x00000000f8220000, 0x00000000f8220000, 0x00000000f8260000)
 tenured generation   total 5504K, used 3190K [0x00000000faaa0000, 0x00000000fb000000, 0x0000000100000000)
   the space 5504K,  57% used [0x00000000faaa0000, 0x00000000fadbd818, 0x00000000fadbda00, 0x00000000fb000000)
 Metaspace       used 9997K, capacity 10530K, committed 10880K, reserved 1058816K
  class space    used 1050K, capacity 1310K, committed 1408K, reserved 1048576K
}
Event: 33.067 GC heap after
{Heap after GC invocations=8 (full 0):
 def new generation   total 2432K, used 29K [0x00000000f8000000, 0x00000000f82a0000, 0x00000000faaa0000)
  eden space 2176K,   0% used [0x00000000f8000000, 0x00000000f8000000, 0x00000000f8220000)
  from space 256K,  11% used [0x00000000f8220000, 0x00000000f8227610, 0x00000000f8260000)
  to   space 256K,   0% used [0x00000000f8260000, 0x00000000f8260000, 0x00000000f82a0000)
 tenured generation   total 5504K, used 3190K [0x00000000faaa0000, 0x00000000fb000000, 0x0000000100000000)
   the space 5504K,  57% used [0x00000000faaa0000, 0x00000000fadbd818, 0x00000000fadbda00, 0x00000000fb000000)
 Metaspace       used 9997K, capacity 10530K, committed 10880K, reserved 1058816K
  class space    used 1050K, capacity 1310K, committed 1408K, reserved 1048576K
}
Event: 37.785 GC heap before
{Heap before GC invocations=8 (full 0):
 def new generation   total 2432K, used 2205K [0x00000000f8000000, 0x00000000f82a0000, 0x00000000faaa0000)
  eden space 2176K, 100% used [0x00000000f8000000, 0x00000000f8220000, 0x00000000f8220000)
  from space 256K,  11% used [0x00000000f8220000, 0x00000000f8227610, 0x00000000f8260000)
  to   space 256K,   0% used [0x00000000f8260000, 0x00000000f8260000, 0x00000000f82a0000)
 tenured generation   total 5504K, used 3190K [0x00000000faaa0000, 0x00000000fb000000, 0x0000000100000000)
   the space 5504K,  57% used [0x00000000faaa0000, 0x00000000fadbd818, 0x00000000fadbda00, 0x00000000fb000000)
 Metaspace       used 10077K, capacity 10594K, committed 10880K, reserved 1058816K
  class space    used 1050K, capacity 1310K, committed 1408K, reserved 1048576K
}
Event: 37.786 GC heap after
{Heap after GC invocations=9 (full 0):
 def new generation   total 2432K, used 30K [0x00000000f8000000, 0x00000000f82a0000, 0x00000000faaa0000)
  eden space 2176K,   0% used [0x00000000f8000000, 0x00000000f8000000, 0x00000000f8220000)
  from space 256K,  11% used [0x00000000f8260000, 0x00000000f8267890, 0x00000000f82a0000)
  to   space 256K,   0% used [0x00000000f8220000, 0x00000000f8220000, 0x00000000f8260000)
 tenured generation   total 5504K, used 3190K [0x00000000faaa0000, 0x00000000fb000000, 0x0000000100000000)
   the space 5504K,  57% used [0x00000000faaa0000, 0x00000000fadbd818, 0x00000000fadbda00, 0x00000000fb000000)
 Metaspace       used 10077K, capacity 10594K, committed 10880K, reserved 1058816K
  class space    used 1050K, capacity 1310K, committed 1408K, reserved 1048576K
}
Event: 43.940 GC heap before
{Heap before GC invocations=9 (full 0):
 def new generation   total 2432K, used 2206K [0x00000000f8000000, 0x00000000f82a0000, 0x00000000faaa0000)
  eden space 2176K, 100% used [0x00000000f8000000, 0x00000000f8220000, 0x00000000f8220000)
  from space 256K,  11% used [0x00000000f8260000, 0x00000000f8267890, 0x00000000f82a0000)
  to   space 256K,   0% used [0x00000000f8220000, 0x00000000f8220000, 0x00000000f8260000)
 tenured generation   total 5504K, used 3190K [0x00000000faaa0000, 0x00000000fb000000, 0x0000000100000000)
   the space 5504K,  57% used [0x00000000faaa0000, 0x00000000fadbd818, 0x00000000fadbda00, 0x00000000fb000000)
 Metaspace       used 10098K, capacity 10658K, committed 10880K, reserved 1058816K
  class space    used 1050K, capacity 1310K, committed 1408K, reserved 1048576K
}
Event: 43.941 GC heap after
{Heap after GC invocations=10 (full 0):
 def new generation   total 2432K, used 33K [0x00000000f8000000, 0x00000000f82a0000, 0x00000000faaa0000)
  eden space 2176K,   0% used [0x00000000f8000000, 0x00000000f8000000, 0x00000000f8220000)
  from space 256K,  13% used [0x00000000f8220000, 0x00000000f8228680, 0x00000000f8260000)
  to   space 256K,   0% used [0x00000000f8260000, 0x00000000f8260000, 0x00000000f82a0000)
 tenured generation   total 5504K, used 3190K [0x00000000faaa0000, 0x00000000fb000000, 0x0000000100000000)
   the space 5504K,  57% used [0x00000000faaa0000, 0x00000000fadbd818, 0x00000000fadbda00, 0x00000000fb000000)
 Metaspace       used 10098K, capacity 10658K, committed 10880K, reserved 1058816K
  class space    used 1050K, capacity 1310K, committed 1408K, reserved 1048576K
}
Event: 47.954 GC heap before
{Heap before GC invocations=10 (full 0):
 def new generation   total 2432K, used 2209K [0x00000000f8000000, 0x00000000f82a0000, 0x00000000faaa0000)
  eden space 2176K, 100% used [0x00000000f8000000, 0x00000000f8220000, 0x00000000f8220000)
  from space 256K,  13% used [0x00000000f8220000, 0x00000000f8228680, 0x00000000f8260000)
  to   space 256K,   0% used [0x00000000f8260000, 0x00000000f8260000, 0x00000000f82a0000)
 tenured generation   total 5504K, used 3190K [0x00000000faaa0000, 0x00000000fb000000, 0x0000000100000000)
   the space 5504K,  57% used [0x00000000faaa0000, 0x00000000fadbd818, 0x00000000fadbda00, 0x00000000fb000000)
 Metaspace       used 10123K, capacity 10658K, committed 10880K, reserved 1058816K
  class space    used 1050K, capacity 1310K, committed 1408K, reserved 1048576K
}
Event: 47.955 GC heap after
{Heap after GC invocations=11 (full 0):
 def new generation   total 2432K, used 35K [0x00000000f8000000, 0x00000000f82a0000, 0x00000000faaa0000)
  eden space 2176K,   0% used [0x00000000f8000000, 0x00000000f8000000, 0x00000000f8220000)
  from space 256K,  13% used [0x00000000f8260000, 0x00000000f8268f30, 0x00000000f82a0000)
  to   space 256K,   0% used [0x00000000f8220000, 0x00000000f8220000, 0x00000000f8260000)
 tenured generation   total 5504K, used 3190K [0x00000000faaa0000, 0x00000000fb000000, 0x0000000100000000)
   the space 5504K,  57% used [0x00000000faaa0000, 0x00000000fadbd818, 0x00000000fadbda00, 0x00000000fb000000)
 Metaspace       used 10123K, capacity 10658K, committed 10880K, reserved 1058816K
  class space    used 1050K, capacity 1310K, committed 1408K, reserved 1048576K
}
Event: 55.661 GC heap before
{Heap before GC invocations=11 (full 0):
 def new generation   total 2432K, used 2211K [0x00000000f8000000, 0x00000000f82a0000, 0x00000000faaa0000)
  eden space 2176K, 100% used [0x00000000f8000000, 0x00000000f8220000, 0x00000000f8220000)
  from space 256K,  13% used [0x00000000f8260000, 0x00000000f8268f30, 0x00000000f82a0000)
  to   space 256K,   0% used [0x00000000f8220000, 0x00000000f8220000, 0x00000000f8260000)
 tenured generation   total 5504K, used 3190K [0x00000000faaa0000, 0x00000000fb000000, 0x0000000100000000)
   the space 5504K,  57% used [0x00000000faaa0000, 0x00000000fadbd818, 0x00000000fadbda00, 0x00000000fb000000)
 Metaspace       used 10127K, capacity 10658K, committed 10880K, reserved 1058816K
  class space    used 1050K, capacity 1310K, committed 1408K, reserved 1048576K
}
Event: 55.662 GC heap after
{Heap after GC invocations=12 (full 0):
 def new generation   total 2432K, used 39K [0x00000000f8000000, 0x00000000f82a0000, 0x00000000faaa0000)
  eden space 2176K,   0% used [0x00000000f8000000, 0x00000000f8000000, 0x00000000f8220000)
  from space 256K,  15% used [0x00000000f8220000, 0x00000000f8229c48, 0x00000000f8260000)
  to   space 256K,   0% used [0x00000000f8260000, 0x00000000f8260000, 0x00000000f82a0000)
 tenured generation   total 5504K, used 3190K [0x00000000faaa0000, 0x00000000fb000000, 0x0000000100000000)
   the space 5504K,  57% used [0x00000000faaa0000, 0x00000000fadbd818, 0x00000000fadbda00, 0x00000000fb000000)
 Metaspace       used 10127K, capacity 10658K, committed 10880K, reserved 1058816K
  class space    used 1050K, capacity 1310K, committed 1408K, reserved 1048576K
}
Event: 61.831 GC heap before
{Heap before GC invocations=12 (full 0):
 def new generation   total 2432K, used 2215K [0x00000000f8000000, 0x00000000f82a0000, 0x00000000faaa0000)
  eden space 2176K, 100% used [0x00000000f8000000, 0x00000000f8220000, 0x00000000f8220000)
  from space 256K,  15% used [0x00000000f8220000, 0x00000000f8229c48, 0x00000000f8260000)
  to   space 256K,   0% used [0x00000000f8260000, 0x00000000f8260000, 0x00000000f82a0000)
 tenured generation   total 5504K, used 3190K [0x00000000faaa0000, 0x00000000fb000000, 0x0000000100000000)
   the space 5504K,  57% used [0x00000000faaa0000, 0x00000000fadbd818, 0x00000000fadbda00, 0x00000000fb000000)
 Metaspace       used 10129K, capacity 10658K, committed 10880K, reserved 1058816K
  class space    used 1050K, capacity 1310K, committed 1408K, reserved 1048576K
}
Event: 61.832 GC heap after
{Heap after GC invocations=13 (full 0):
 def new generation   total 2432K, used 35K [0x00000000f8000000, 0x00000000f82a0000, 0x00000000faaa0000)
  eden space 2176K,   0% used [0x00000000f8000000, 0x00000000f8000000, 0x00000000f8220000)
  from space 256K,  13% used [0x00000000f8260000, 0x00000000f8268e20, 0x00000000f82a0000)
  to   space 256K,   0% used [0x00000000f8220000, 0x00000000f8220000, 0x00000000f8260000)
 tenured generation   total 5504K, used 3190K [0x00000000faaa0000, 0x00000000fb000000, 0x0000000100000000)
   the space 5504K,  57% used [0x00000000faaa0000, 0x00000000fadbd818, 0x00000000fadbda00, 0x00000000fb000000)
 Metaspace       used 10129K, capacity 10658K, committed 10880K, reserved 1058816K
  class space    used 1050K, capacity 1310K, committed 1408K, reserved 1048576K
}
Event: 68.418 GC heap before
{Heap before GC invocations=13 (full 0):
 def new generation   total 2432K, used 2211K [0x00000000f8000000, 0x00000000f82a0000, 0x00000000faaa0000)
  eden space 2176K, 100% used [0x00000000f8000000, 0x00000000f8220000, 0x00000000f8220000)
  from space 256K,  13% used [0x00000000f8260000, 0x00000000f8268e20, 0x00000000f82a0000)
  to   space 256K,   0% used [0x00000000f8220000, 0x00000000f8220000, 0x00000000f8260000)
 tenured generation   total 5504K, used 3190K [0x00000000faaa0000, 0x00000000fb000000, 0x0000000100000000)
   the space 5504K,  57% used [0x00000000faaa0000, 0x00000000fadbd818, 0x00000000fadbda00, 0x00000000fb000000)
 Metaspace       used 10144K, capacity 10658K, committed 10880K, reserved 1058816K
  class space    used 1050K, capacity 1310K, committed 1408K, reserved 1048576K
}
Event: 68.420 GC heap after
{Heap after GC invocations=14 (full 0):
 def new generation   total 2432K, used 39K [0x00000000f8000000, 0x00000000f82a0000, 0x00000000faaa0000)
  eden space 2176K,   0% used [0x00000000f8000000, 0x00000000f8000000, 0x00000000f8220000)
  from space 256K,  15% used [0x00000000f8220000, 0x00000000f8229ec8, 0x00000000f8260000)
  to   space 256K,   0% used [0x00000000f8260000, 0x00000000f8260000, 0x00000000f82a0000)
 tenured generation   total 5504K, used 3190K [0x00000000faaa0000, 0x00000000fb000000, 0x0000000100000000)
   the space 5504K,  57% used [0x00000000faaa0000, 0x00000000fadbd818, 0x00000000fadbda00, 0x00000000fb000000)
 Metaspace       used 10144K, capacity 10658K, committed 10880K, reserved 1058816K
  class space    used 1050K, capacity 1310K, committed 1408K, reserved 1048576K
}

