# JRE version: OpenJDK Runtime Environment (11.0.7+10) (build 11.0.7+10-post-Ubuntu-2ubuntu218.04)
# Java VM: OpenJDK 64-Bit Server VM (11.0.7+10-post-Ubuntu-2ubuntu218.04, mixed mode, sharing, tiered, compressed oops, serial gc, linux-amd64)
Heap:
 def new generation   total 2432K, used 1965K [0x00000000f8000000, 0x00000000f82a0000, 0x00000000faaa0000)
  eden space 2176K,  85% used [0x00000000f8000000, 0x00000000f81d3388, 0x00000000f8220000)
  from space 256K,  37% used [0x00000000f8220000, 0x00000000f8238178, 0x00000000f8260000)
  to   space 256K,   0% used [0x00000000f8260000, 0x00000000f8260000, 0x00000000f82a0000)
 tenured generation   total 5504K, used 3184K [0x00000000faaa0000, 0x00000000fb000000, 0x0000000100000000)
   the space 5504K,  57% used [0x00000000faaa0000, 0x00000000fadbc3e0, 0x00000000fadbc400, 0x00000000fb000000)
 Metaspace       used 10275K, capacity 10876K, committed 11136K, reserved 1058816K
  class space    used 1072K, capacity 1342K, committed 1408K, reserved 1048576K
GC Heap History (20 events):
Event: 15.726 GC heap before
{Heap before GC invocations=2 (full 0):
 def new generation   total 2432K, used 2432K [0x00000000f8000000, 0x00000000f82a0000, 0x00000000faaa0000)
  eden space 2176K, 100% used [0x00000000f8000000, 0x00000000f8220000, 0x00000000f8220000)
  from space 256K, 100% used [0x00000000f8220000, 0x00000000f8260000, 0x00000000f8260000)
  to   space 256K,   0% used [0x00000000f8260000, 0x00000000f8260000, 0x00000000f82a0000)
 tenured generation   total 5504K, used 1149K [0x00000000faaa0000, 0x00000000fb000000, 0x0000000100000000)
   the space 5504K,  20% used [0x00000000faaa0000, 0x00000000fabbf5c0, 0x00000000fabbf600, 0x00000000fb000000)
 Metaspace       used 5281K, capacity 5673K, committed 5888K, reserved 1056768K
  class space    used 589K, capacity 756K, committed 768K, reserved 1048576K
}
Event: 15.730 GC heap after
{Heap after GC invocations=3 (full 0):
 def new generation   total 2432K, used 256K [0x00000000f8000000, 0x00000000f82a0000, 0x00000000faaa0000)
  eden space 2176K,   0% used [0x00000000f8000000, 0x00000000f8000000, 0x00000000f8220000)
  from space 256K, 100% used [0x00000000f8260000, 0x00000000f82a0000, 0x00000000f82a0000)
  to   space 256K,   0% used [0x00000000f8220000, 0x00000000f8220000, 0x00000000f8260000)
 tenured generation   total 5504K, used 1541K [0x00000000faaa0000, 0x00000000fb000000, 0x0000000100000000)
   the space 5504K,  28% used [0x00000000faaa0000, 0x00000000fac214b0, 0x00000000fac21600, 0x00000000fb000000)
 Metaspace       used 5281K, capacity 5673K, committed 5888K, reserved 1056768K
  class space    used 589K, capacity 756K, committed 768K, reserved 1048576K
}
Event: 18.798 GC heap before
{Heap before GC invocations=3 (full 0):
 def new generation   total 2432K, used 2432K [0x00000000f8000000, 0x00000000f82a0000, 0x00000000faaa0000)
  eden space 2176K, 100% used [0x00000000f8000000, 0x00000000f8220000, 0x00000000f8220000)
  from space 256K, 100% used [0x00000000f8260000, 0x00000000f82a0000, 0x00000000f82a0000)
  to   space 256K,   0% used [0x00000000f8220000, 0x00000000f8220000, 0x00000000f8260000)
 tenured generation   total 5504K, used 1541K [0x00000000faaa0000, 0x00000000fb000000, 0x0000000100000000)
   the space 5504K,  28% used [0x00000000faaa0000, 0x00000000fac214b0, 0x00000000fac21600, 0x00000000fb000000)
 Metaspace       used 7747K, capacity 8162K, committed 8320K, reserved 1056768K
  class space    used 840K, capacity 1032K, committed 1152K, reserved 1048576K
}
Event: 18.815 GC heap after
{Heap after GC invocations=4 (full 0):
 def new generation   total 2432K, used 256K [0x00000000f8000000, 0x00000000f82a0000, 0x00000000faaa0000)
  eden space 2176K,   0% used [0x00000000f8000000, 0x00000000f8000000, 0x00000000f8220000)
  from space 256K, 100% used [0x00000000f8220000, 0x00000000f8260000, 0x00000000f8260000)
  to   space 256K,   0% used [0x00000000f8260000, 0x00000000f8260000, 0x00000000f82a0000)
 tenured generation   total 5504K, used 2086K [0x00000000faaa0000, 0x00000000fb000000, 0x0000000100000000)
   the space 5504K,  37% used [0x00000000faaa0000, 0x00000000faca99a8, 0x00000000faca9a00, 0x00000000fb000000)
 Metaspace       used 7747K, capacity 8162K, committed 8320K, reserved 1056768K
  class space    used 840K, capacity 1032K, committed 1152K, reserved 1048576K
}
Event: 19.488 GC heap before
{Heap before GC invocations=4 (full 0):
 def new generation   total 2432K, used 2432K [0x00000000f8000000, 0x00000000f82a0000, 0x00000000faaa0000)
  eden space 2176K, 100% used [0x00000000f8000000, 0x00000000f8220000, 0x00000000f8220000)
  from space 256K, 100% used [0x00000000f8220000, 0x00000000f8260000, 0x00000000f8260000)
  to   space 256K,   0% used [0x00000000f8260000, 0x00000000f8260000, 0x00000000f82a0000)
 tenured generation   total 5504K, used 2086K [0x00000000faaa0000, 0x00000000fb000000, 0x0000000100000000)
   the space 5504K,  37% used [0x00000000faaa0000, 0x00000000faca99a8, 0x00000000faca9a00, 0x00000000fb000000)
 Metaspace       used 7997K, capacity 8567K, committed 8576K, reserved 1056768K
  class space    used 890K, capacity 1148K, committed 1152K, reserved 1048576K
}
Event: 19.498 GC heap after
{Heap after GC invocations=5 (full 0):
 def new generation   total 2432K, used 167K [0x00000000f8000000, 0x00000000f82a0000, 0x00000000faaa0000)
  eden space 2176K,   0% used [0x00000000f8000000, 0x00000000f8000000, 0x00000000f8220000)
  from space 256K,  65% used [0x00000000f8260000, 0x00000000f8289f28, 0x00000000f82a0000)
  to   space 256K,   0% used [0x00000000f8220000, 0x00000000f8220000, 0x00000000f8260000)
 tenured generation   total 5504K, used 2336K [0x00000000faaa0000, 0x00000000fb000000, 0x0000000100000000)
   the space 5504K,  42% used [0x00000000faaa0000, 0x00000000face8020, 0x00000000face8200, 0x00000000fb000000)
 Metaspace       used 7997K, capacity 8567K, committed 8576K, reserved 1056768K
  class space    used 890K, capacity 1148K, committed 1152K, reserved 1048576K
}
Event: 21.975 GC heap before
{Heap before GC invocations=5 (full 0):
 def new generation   total 2432K, used 2343K [0x00000000f8000000, 0x00000000f82a0000, 0x00000000faaa0000)
  eden space 2176K, 100% used [0x00000000f8000000, 0x00000000f8220000, 0x00000000f8220000)
  from space 256K,  65% used [0x00000000f8260000, 0x00000000f8289f28, 0x00000000f82a0000)
  to   space 256K,   0% used [0x00000000f8220000, 0x00000000f8220000, 0x00000000f8260000)
 tenured generation   total 5504K, used 2336K [0x00000000faaa0000, 0x00000000fb000000, 0x0000000100000000)
   the space 5504K,  42% used [0x00000000faaa0000, 0x00000000face8020, 0x00000000face8200, 0x00000000fb000000)
 Metaspace       used 9031K, capacity 9602K, committed 9728K, reserved 1058816K
  class space    used 1007K, capacity 1278K, committed 1280K, reserved 1048576K
}
Event: 21.987 GC heap after
{Heap after GC invocations=6 (full 0):
 def new generation   total 2432K, used 256K [0x00000000f8000000, 0x00000000f82a0000, 0x00000000faaa0000)
  eden space 2176K,   0% used [0x00000000f8000000, 0x00000000f8000000, 0x00000000f8220000)
  from space 256K, 100% used [0x00000000f8220000, 0x00000000f8260000, 0x00000000f8260000)
  to   space 256K,   0% used [0x00000000f8260000, 0x00000000f8260000, 0x00000000f82a0000)
 tenured generation   total 5504K, used 2938K [0x00000000faaa0000, 0x00000000fb000000, 0x0000000100000000)
   the space 5504K,  53% used [0x00000000faaa0000, 0x00000000fad7ea78, 0x00000000fad7ec00, 0x00000000fb000000)
 Metaspace       used 9031K, capacity 9602K, committed 9728K, reserved 1058816K
  class space    used 1007K, capacity 1278K, committed 1280K, reserved 1048576K
}
Event: 79.012 GC heap before
{Heap before GC invocations=6 (full 0):
 def new generation   total 2432K, used 2431K [0x00000000f8000000, 0x00000000f82a0000, 0x00000000faaa0000)
  eden space 2176K,  99% used [0x00000000f8000000, 0x00000000f821fff8, 0x00000000f8220000)
  from space 256K, 100% used [0x00000000f8220000, 0x00000000f8260000, 0x00000000f8260000)
  to   space 256K,   0% used [0x00000000f8260000, 0x00000000f8260000, 0x00000000f82a0000)
 tenured generation   total 5504K, used 2938K [0x00000000faaa0000, 0x00000000fb000000, 0x0000000100000000)
   the space 5504K,  53% used [0x00000000faaa0000, 0x00000000fad7ea78, 0x00000000fad7ec00, 0x00000000fb000000)
 Metaspace       used 9943K, capacity 10556K, committed 10880K, reserved 1058816K
  class space    used 1069K, capacity 1342K, committed 1408K, reserved 1048576K
}
Event: 79.022 GC heap after
{Heap after GC invocations=7 (full 0):
 def new generation   total 2432K, used 78K [0x00000000f8000000, 0x00000000f82a0000, 0x00000000faaa0000)
  eden space 2176K,   0% used [0x00000000f8000000, 0x00000000f8000000, 0x00000000f8220000)
  from space 256K,  30% used [0x00000000f8260000, 0x00000000f8273b10, 0x00000000f82a0000)
  to   space 256K,   0% used [0x00000000f8220000, 0x00000000f8220000, 0x00000000f8260000)
 tenured generation   total 5504K, used 3184K [0x00000000faaa0000, 0x00000000fb000000, 0x0000000100000000)
   the space 5504K,  57% used [0x00000000faaa0000, 0x00000000fadbc3e0, 0x00000000fadbc400, 0x00000000fb000000)
 Metaspace       used 9943K, capacity 10556K, committed 10880K, reserved 1058816K
  class space    used 1069K, capacity 1342K, committed 1408K, reserved 1048576K
}
Event: 101.393 GC heap before
{Heap before GC invocations=7 (full 0):
 def new generation   total 2432K, used 2254K [0x00000000f8000000, 0x00000000f82a0000, 0x00000000faaa0000)
  eden space 2176K, 100% used [0x00000000f8000000, 0x00000000f8220000, 0x00000000f8220000)
  from space 256K,  30% used [0x00000000f8260000, 0x00000000f8273b10, 0x00000000f82a0000)
  to   space 256K,   0% used [0x00000000f8220000, 0x00000000f8220000, 0x00000000f8260000)
 tenured generation   total 5504K, used 3184K [0x00000000faaa0000, 0x00000000fb000000, 0x0000000100000000)
   the space 5504K,  57% used [0x00000000faaa0000, 0x00000000fadbc3e0, 0x00000000fadbc400, 0x00000000fb000000)
 Metaspace       used 10080K, capacity 10684K, committed 10880K, reserved 1058816K
  class space    used 1069K, capacity 1342K, committed 1408K, reserved 1048576K
}
Event: 101.395 GC heap after
{Heap after GC invocations=8 (full 0):
 def new generation   total 2432K, used 90K [0x00000000f8000000, 0x00000000f82a0000, 0x00000000faaa0000)
  eden space 2176K,   0% used [0x00000000f8000000, 0x00000000f8000000, 0x00000000f8220000)
  from space 256K,  35% used [0x00000000f8220000, 0x00000000f82369a0, 0x00000000f8260000)
  to   space 256K,   0% used [0x00000000f8260000, 0x00000000f8260000, 0x00000000f82a0000)
 tenured generation   total 5504K, used 3184K [0x00000000faaa0000, 0x00000000fb000000, 0x0000000100000000)
   the space 5504K,  57% used [0x00000000faaa0000, 0x00000000fadbc3e0, 0x00000000fadbc400, 0x00000000fb000000)
 Metaspace       used 10080K, capacity 10684K, committed 10880K, reserved 1058816K
  class space    used 1069K, capacity 1342K, committed 1408K, reserved 1048576K
}
Event: 124.371 GC heap before
{Heap before GC invocations=8 (full 0):
 def new generation   total 2432K, used 2266K [0x00000000f8000000, 0x00000000f82a0000, 0x00000000faaa0000)
  eden space 2176K, 100% used [0x00000000f8000000, 0x00000000f8220000, 0x00000000f8220000)
  from space 256K,  35% used [0x00000000f8220000, 0x00000000f82369a0, 0x00000000f8260000)
  to   space 256K,   0% used [0x00000000f8260000, 0x00000000f8260000, 0x00000000f82a0000)
 tenured generation   total 5504K, used 3184K [0x00000000faaa0000, 0x00000000fb000000, 0x0000000100000000)
   the space 5504K,  57% used [0x00000000faaa0000, 0x00000000fadbc3e0, 0x00000000fadbc400, 0x00000000fb000000)
 Metaspace       used 10124K, capacity 10684K, committed 10880K, reserved 1058816K
  class space    used 1069K, capacity 1342K, committed 1408K, reserved 1048576K
}
Event: 124.372 GC heap after
{Heap after GC invocations=9 (full 0):
 def new generation   total 2432K, used 90K [0x00000000f8000000, 0x00000000f82a0000, 0x00000000faaa0000)
  eden space 2176K,   0% used [0x00000000f8000000, 0x00000000f8000000, 0x00000000f8220000)
  from space 256K,  35% used [0x00000000f8260000, 0x00000000f82769b0, 0x00000000f82a0000)
  to   space 256K,   0% used [0x00000000f8220000, 0x00000000f8220000, 0x00000000f8260000)
 tenured generation   total 5504K, used 3184K [0x00000000faaa0000, 0x00000000fb000000, 0x0000000100000000)
   the space 5504K,  57% used [0x00000000faaa0000, 0x00000000fadbc3e0, 0x00000000fadbc400, 0x00000000fb000000)
 Metaspace       used 10124K, capacity 10684K, committed 10880K, reserved 1058816K
  class space    used 1069K, capacity 1342K, committed 1408K, reserved 1048576K
}
Event: 160.731 GC heap before
{Heap before GC invocations=9 (full 0):
 def new generation   total 2432K, used 2266K [0x00000000f8000000, 0x00000000f82a0000, 0x00000000faaa0000)
  eden space 2176K, 100% used [0x00000000f8000000, 0x00000000f8220000, 0x00000000f8220000)
  from space 256K,  35% used [0x00000000f8260000, 0x00000000f82769b0, 0x00000000f82a0000)
  to   space 256K,   0% used [0x00000000f8220000, 0x00000000f8220000, 0x00000000f8260000)
 tenured generation   total 5504K, used 3184K [0x00000000faaa0000, 0x00000000fb000000, 0x0000000100000000)
   the space 5504K,  57% used [0x00000000faaa0000, 0x00000000fadbc3e0, 0x00000000fadbc400, 0x00000000fb000000)
 Metaspace       used 10199K, capacity 10812K, committed 11136K, reserved 1058816K
  class space    used 1069K, capacity 1342K, committed 1408K, reserved 1048576K
}
Event: 160.732 GC heap after
{Heap after GC invocations=10 (full 0):
 def new generation   total 2432K, used 94K [0x00000000f8000000, 0x00000000f82a0000, 0x00000000faaa0000)
  eden space 2176K,   0% used [0x00000000f8000000, 0x00000000f8000000, 0x00000000f8220000)
  from space 256K,  36% used [0x00000000f8220000, 0x00000000f8237910, 0x00000000f8260000)
  to   space 256K,   0% used [0x00000000f8260000, 0x00000000f8260000, 0x00000000f82a0000)
 tenured generation   total 5504K, used 3184K [0x00000000faaa0000, 0x00000000fb000000, 0x0000000100000000)
   the space 5504K,  57% used [0x00000000faaa0000, 0x00000000fadbc3e0, 0x00000000fadbc400, 0x00000000fb000000)
 Metaspace       used 10199K, capacity 10812K, committed 11136K, reserved 1058816K
  class space    used 1069K, capacity 1342K, committed 1408K, reserved 1048576K
}
Event: 218.695 GC heap before
{Heap before GC invocations=10 (full 0):
 def new generation   total 2432K, used 2270K [0x00000000f8000000, 0x00000000f82a0000, 0x00000000faaa0000)
  eden space 2176K, 100% used [0x00000000f8000000, 0x00000000f8220000, 0x00000000f8220000)
  from space 256K,  36% used [0x00000000f8220000, 0x00000000f8237910, 0x00000000f8260000)
  to   space 256K,   0% used [0x00000000f8260000, 0x00000000f8260000, 0x00000000f82a0000)
 tenured generation   total 5504K, used 3184K [0x00000000faaa0000, 0x00000000fb000000, 0x0000000100000000)
   the space 5504K,  57% used [0x00000000faaa0000, 0x00000000fadbc3e0, 0x00000000fadbc400, 0x00000000fb000000)
 Metaspace       used 10217K, capacity 10812K, committed 11136K, reserved 1058816K
  class space    used 1069K, capacity 1342K, committed 1408K, reserved 1048576K
}
Event: 218.696 GC heap after
{Heap after GC invocations=11 (full 0):
 def new generation   total 2432K, used 90K [0x00000000f8000000, 0x00000000f82a0000, 0x00000000faaa0000)
  eden space 2176K,   0% used [0x00000000f8000000, 0x00000000f8000000, 0x00000000f8220000)
  from space 256K,  35% used [0x00000000f8260000, 0x00000000f8276b50, 0x00000000f82a0000)
  to   space 256K,   0% used [0x00000000f8220000, 0x00000000f8220000, 0x00000000f8260000)
 tenured generation   total 5504K, used 3184K [0x00000000faaa0000, 0x00000000fb000000, 0x0000000100000000)
   the space 5504K,  57% used [0x00000000faaa0000, 0x00000000fadbc3e0, 0x00000000fadbc400, 0x00000000fb000000)
 Metaspace       used 10217K, capacity 10812K, committed 11136K, reserved 1058816K
  class space    used 1069K, capacity 1342K, committed 1408K, reserved 1048576K
}
Event: 401.942 GC heap before
{Heap before GC invocations=11 (full 0):
 def new generation   total 2432K, used 2266K [0x00000000f8000000, 0x00000000f82a0000, 0x00000000faaa0000)
  eden space 2176K, 100% used [0x00000000f8000000, 0x00000000f8220000, 0x00000000f8220000)
  from space 256K,  35% used [0x00000000f8260000, 0x00000000f8276b50, 0x00000000f82a0000)
  to   space 256K,   0% used [0x00000000f8220000, 0x00000000f8220000, 0x00000000f8260000)
 tenured generation   total 5504K, used 3184K [0x00000000faaa0000, 0x00000000fb000000, 0x0000000100000000)
   the space 5504K,  57% used [0x00000000faaa0000, 0x00000000fadbc3e0, 0x00000000fadbc400, 0x00000000fb000000)
 Metaspace       used 10240K, capacity 10812K, committed 11136K, reserved 1058816K
  class space    used 1071K, capacity 1342K, committed 1408K, reserved 1048576K
}
Event: 401.944 GC heap after
{Heap after GC invocations=12 (full 0):
 def new generation   total 2432K, used 96K [0x00000000f8000000, 0x00000000f82a0000, 0x00000000faaa0000)
  eden space 2176K,   0% used [0x00000000f8000000, 0x00000000f8000000, 0x00000000f8220000)
  from space 256K,  37% used [0x00000000f8220000, 0x00000000f8238178, 0x00000000f8260000)
  to   space 256K,   0% used [0x00000000f8260000, 0x00000000f8260000, 0x00000000f82a0000)
 tenured generation   total 5504K, used 3184K [0x00000000faaa0000, 0x00000000fb000000, 0x0000000100000000)
   the space 5504K,  57% used [0x00000000faaa0000, 0x00000000fadbc3e0, 0x00000000fadbc400, 0x00000000fb000000)
 Metaspace       used 10240K, capacity 10812K, committed 11136K, reserved 1058816K
  class space    used 1071K, capacity 1342K, committed 1408K, reserved 1048576K
}

